{"name":"navigateToFilesTab","status":"broken","statusDetails":{"known":false,"muted":false,"flaky":false,"message":"Error {\n  message='Error: strict mode violation: \"adoddle-file-upload div[class*='upload-overlay'][class*='open'] button[class*='btn-danger'][class*='pull-right']\" resolved to 2 elements:\n    1) <button disabled _ngcontent-ng-c3033211671=\"\" class=\"btn…>…</button> aka playwright.$(\"adoddle-activity-center button:has-text(\"Upload\")\")\n    2) <button disabled title=\"Smart OCR\" _ngcontent-ng-c303321…>…</button> aka playwright.$(\"adoddle-activity-center button:has-text(\"Smart OCR\")\")\n\n=========================== logs ===========================\nwaiting for selector \"adoddle-file-upload div[class*='upload-overlay'][class*='open'] button[class*='btn-danger'][class*='pull-right']\"\n============================================================\n  name='Error\n  stack='Error: Error: strict mode violation: \"adoddle-file-upload div[class*='upload-overlay'][class*='open'] button[class*='btn-danger'][class*='pull-right']\" resolved to 2 elements:\n    1) <button disabled _ngcontent-ng-c3033211671=\"\" class=\"btn…>…</button> aka playwright.$(\"adoddle-activity-center button:has-text(\"Upload\")\")\n    2) <button disabled title=\"Smart OCR\" _ngcontent-ng-c303321…>…</button> aka playwright.$(\"adoddle-activity-center button:has-text(\"Smart OCR\")\")\n\n=========================== logs ===========================\nwaiting for selector \"adoddle-file-upload div[class*='upload-overlay'][class*='open'] button[class*='btn-danger'][class*='pull-right']\"\n============================================================\n    at CRExecutionContext.evaluateWithArguments (C:\\Users\\psopori\\AppData\\Local\\Temp\\playwright-java-7760282107144732096\\package\\lib\\server\\chromium\\crExecutionContext.js:103:33)\n    at runMicrotasks (<anonymous>)\n    at runNextTicks (node:internal/process/task_queues:61:5)\n    at processImmediate (node:internal/timers:437:9)\n    at async evaluateExpression (C:\\Users\\psopori\\AppData\\Local\\Temp\\playwright-java-7760282107144732096\\package\\lib\\server\\javascript.js:263:12)\n    at async InjectedScriptPollHandler.finishHandle (C:\\Users\\psopori\\AppData\\Local\\Temp\\playwright-java-7760282107144732096\\package\\lib\\server\\dom.js:1011:22)\n    at async RerunnableTask.rerun (C:\\Users\\psopori\\AppData\\Local\\Temp\\playwright-java-7760282107144732096\\package\\lib\\server\\frames.js:1760:73)\n}","trace":"com.microsoft.playwright.PlaywrightException: Error {\n  message='Error: strict mode violation: \"adoddle-file-upload div[class*='upload-overlay'][class*='open'] button[class*='btn-danger'][class*='pull-right']\" resolved to 2 elements:\n    1) <button disabled _ngcontent-ng-c3033211671=\"\" class=\"btn…>…</button> aka playwright.$(\"adoddle-activity-center button:has-text(\"Upload\")\")\n    2) <button disabled title=\"Smart OCR\" _ngcontent-ng-c303321…>…</button> aka playwright.$(\"adoddle-activity-center button:has-text(\"Smart OCR\")\")\n\n=========================== logs ===========================\nwaiting for selector \"adoddle-file-upload div[class*='upload-overlay'][class*='open'] button[class*='btn-danger'][class*='pull-right']\"\n============================================================\n  name='Error\n  stack='Error: Error: strict mode violation: \"adoddle-file-upload div[class*='upload-overlay'][class*='open'] button[class*='btn-danger'][class*='pull-right']\" resolved to 2 elements:\n    1) <button disabled _ngcontent-ng-c3033211671=\"\" class=\"btn…>…</button> aka playwright.$(\"adoddle-activity-center button:has-text(\"Upload\")\")\n    2) <button disabled title=\"Smart OCR\" _ngcontent-ng-c303321…>…</button> aka playwright.$(\"adoddle-activity-center button:has-text(\"Smart OCR\")\")\n\n=========================== logs ===========================\nwaiting for selector \"adoddle-file-upload div[class*='upload-overlay'][class*='open'] button[class*='btn-danger'][class*='pull-right']\"\n============================================================\n    at CRExecutionContext.evaluateWithArguments (C:\\Users\\psopori\\AppData\\Local\\Temp\\playwright-java-7760282107144732096\\package\\lib\\server\\chromium\\crExecutionContext.js:103:33)\n    at runMicrotasks (<anonymous>)\n    at runNextTicks (node:internal/process/task_queues:61:5)\n    at processImmediate (node:internal/timers:437:9)\n    at async evaluateExpression (C:\\Users\\psopori\\AppData\\Local\\Temp\\playwright-java-7760282107144732096\\package\\lib\\server\\javascript.js:263:12)\n    at async InjectedScriptPollHandler.finishHandle (C:\\Users\\psopori\\AppData\\Local\\Temp\\playwright-java-7760282107144732096\\package\\lib\\server\\dom.js:1011:22)\n    at async RerunnableTask.rerun (C:\\Users\\psopori\\AppData\\Local\\Temp\\playwright-java-7760282107144732096\\package\\lib\\server\\frames.js:1760:73)\n}\r\n\tat com.microsoft.playwright.impl.WaitableResult.get(WaitableResult.java:54)\r\n\tat com.microsoft.playwright.impl.ChannelOwner.runUntil(ChannelOwner.java:103)\r\n\tat com.microsoft.playwright.impl.Connection.sendMessage(Connection.java:105)\r\n\tat com.microsoft.playwright.impl.ChannelOwner.sendMessage(ChannelOwner.java:94)\r\n\tat com.microsoft.playwright.impl.FrameImpl.clickImpl(FrameImpl.java:255)\r\n\tat com.microsoft.playwright.impl.FrameImpl.lambda$click$9(FrameImpl.java:246)\r\n\tat com.microsoft.playwright.impl.LoggingSupport.lambda$withLogging$0(LoggingSupport.java:36)\r\n\tat com.microsoft.playwright.impl.LoggingSupport.withLogging(LoggingSupport.java:47)\r\n\tat com.microsoft.playwright.impl.ChannelOwner.withLogging(ChannelOwner.java:79)\r\n\tat com.microsoft.playwright.impl.LoggingSupport.withLogging(LoggingSupport.java:35)\r\n\tat com.microsoft.playwright.impl.FrameImpl.click(FrameImpl.java:246)\r\n\tat com.microsoft.playwright.impl.LocatorImpl.click(LocatorImpl.java:100)\r\n\tat com.microsoft.playwright.Locator.click(Locator.java:1648)\r\n\tat com.acc.tests.PlaywrightTest.navigateToFilesTab(PlaywrightTest.java:82)\r\n\tat com.acc.tests.PlaywrightTest.navigateToFilesTab(PlaywrightTest.java:50)\r\n\tat java.base/jdk.internal.reflect.NativeMethodAccessorImpl.invoke0(Native Method)\r\n\tat java.base/jdk.internal.reflect.NativeMethodAccessorImpl.invoke(NativeMethodAccessorImpl.java:62)\r\n\tat java.base/jdk.internal.reflect.DelegatingMethodAccessorImpl.invoke(DelegatingMethodAccessorImpl.java:43)\r\n\tat java.base/java.lang.reflect.Method.invoke(Method.java:566)\r\n\tat org.testng.internal.MethodInvocationHelper.invokeMethod(MethodInvocationHelper.java:133)\r\n\tat org.testng.internal.TestInvoker.invokeMethod(TestInvoker.java:598)\r\n\tat org.testng.internal.TestInvoker.invokeTestMethod(TestInvoker.java:173)\r\n\tat org.testng.internal.MethodRunner.runInSequence(MethodRunner.java:46)\r\n\tat org.testng.internal.TestInvoker$MethodInvocationAgent.invoke(TestInvoker.java:824)\r\n\tat org.testng.internal.TestInvoker.invokeTestMethods(TestInvoker.java:146)\r\n\tat org.testng.internal.TestMethodWorker.invokeTestMethods(TestMethodWorker.java:146)\r\n\tat org.testng.internal.TestMethodWorker.run(TestMethodWorker.java:128)\r\n\tat java.base/java.util.ArrayList.forEach(ArrayList.java:1540)\r\n\tat org.testng.TestRunner.privateRun(TestRunner.java:794)\r\n\tat org.testng.TestRunner.run(TestRunner.java:596)\r\n\tat org.testng.SuiteRunner.runTest(SuiteRunner.java:377)\r\n\tat org.testng.SuiteRunner.runSequentially(SuiteRunner.java:371)\r\n\tat org.testng.SuiteRunner.privateRun(SuiteRunner.java:332)\r\n\tat org.testng.SuiteRunner.run(SuiteRunner.java:276)\r\n\tat org.testng.SuiteRunnerWorker.runSuite(SuiteRunnerWorker.java:53)\r\n\tat org.testng.SuiteRunnerWorker.run(SuiteRunnerWorker.java:96)\r\n\tat org.testng.TestNG.runSuitesSequentially(TestNG.java:1212)\r\n\tat org.testng.TestNG.runSuitesLocally(TestNG.java:1134)\r\n\tat org.testng.TestNG.runSuites(TestNG.java:1063)\r\n\tat org.testng.TestNG.run(TestNG.java:1031)\r\n\tat org.apache.maven.surefire.testng.TestNGExecutor.run(TestNGExecutor.java:135)\r\n\tat org.apache.maven.surefire.testng.TestNGDirectoryTestSuite.executeSingleClass(TestNGDirectoryTestSuite.java:112)\r\n\tat org.apache.maven.surefire.testng.TestNGDirectoryTestSuite.execute(TestNGDirectoryTestSuite.java:99)\r\n\tat org.apache.maven.surefire.testng.TestNGProvider.invoke(TestNGProvider.java:146)\r\n\tat org.apache.maven.surefire.booter.ForkedBooter.invokeProviderInSameClassLoader(ForkedBooter.java:384)\r\n\tat org.apache.maven.surefire.booter.ForkedBooter.runSuitesInProcess(ForkedBooter.java:345)\r\n\tat org.apache.maven.surefire.booter.ForkedBooter.execute(ForkedBooter.java:126)\r\n\tat org.apache.maven.surefire.booter.ForkedBooter.main(ForkedBooter.java:418)\r\nCaused by: com.microsoft.playwright.impl.DriverException: Error {\n  message='Error: strict mode violation: \"adoddle-file-upload div[class*='upload-overlay'][class*='open'] button[class*='btn-danger'][class*='pull-right']\" resolved to 2 elements:\n    1) <button disabled _ngcontent-ng-c3033211671=\"\" class=\"btn…>…</button> aka playwright.$(\"adoddle-activity-center button:has-text(\"Upload\")\")\n    2) <button disabled title=\"Smart OCR\" _ngcontent-ng-c303321…>…</button> aka playwright.$(\"adoddle-activity-center button:has-text(\"Smart OCR\")\")\n\n=========================== logs ===========================\nwaiting for selector \"adoddle-file-upload div[class*='upload-overlay'][class*='open'] button[class*='btn-danger'][class*='pull-right']\"\n============================================================\n  name='Error\n  stack='Error: Error: strict mode violation: \"adoddle-file-upload div[class*='upload-overlay'][class*='open'] button[class*='btn-danger'][class*='pull-right']\" resolved to 2 elements:\n    1) <button disabled _ngcontent-ng-c3033211671=\"\" class=\"btn…>…</button> aka playwright.$(\"adoddle-activity-center button:has-text(\"Upload\")\")\n    2) <button disabled title=\"Smart OCR\" _ngcontent-ng-c303321…>…</button> aka playwright.$(\"adoddle-activity-center button:has-text(\"Smart OCR\")\")\n\n=========================== logs ===========================\nwaiting for selector \"adoddle-file-upload div[class*='upload-overlay'][class*='open'] button[class*='btn-danger'][class*='pull-right']\"\n============================================================\n    at CRExecutionContext.evaluateWithArguments (C:\\Users\\psopori\\AppData\\Local\\Temp\\playwright-java-7760282107144732096\\package\\lib\\server\\chromium\\crExecutionContext.js:103:33)\n    at runMicrotasks (<anonymous>)\n    at runNextTicks (node:internal/process/task_queues:61:5)\n    at processImmediate (node:internal/timers:437:9)\n    at async evaluateExpression (C:\\Users\\psopori\\AppData\\Local\\Temp\\playwright-java-7760282107144732096\\package\\lib\\server\\javascript.js:263:12)\n    at async InjectedScriptPollHandler.finishHandle (C:\\Users\\psopori\\AppData\\Local\\Temp\\playwright-java-7760282107144732096\\package\\lib\\server\\dom.js:1011:22)\n    at async RerunnableTask.rerun (C:\\Users\\psopori\\AppData\\Local\\Temp\\playwright-java-7760282107144732096\\package\\lib\\server\\frames.js:1760:73)\n}\r\n\tat com.microsoft.playwright.impl.Connection.dispatch(Connection.java:183)\r\n\tat com.microsoft.playwright.impl.Connection.processOneMessage(Connection.java:163)\r\n\tat com.microsoft.playwright.impl.ChannelOwner.runUntil(ChannelOwner.java:101)\r\n\t... 46 more\r\n"},"stage":"finished","steps":[],"attachments":[],"parameters":[],"start":1733485908810,"stop":1733485940327,"uuid":"06abd1dd-1c87-47a4-835d-faf9810bdc56","historyId":"943e7950193d5b60b208e4d748b2fb85","fullName":"com.acc.tests.PlaywrightTest.navigateToFilesTab","labels":[{"name":"package","value":"com.acc.tests.PlaywrightTest"},{"name":"testClass","value":"com.acc.tests.PlaywrightTest"},{"name":"testMethod","value":"navigateToFilesTab"},{"name":"parentSuite","value":"Surefire suite"},{"name":"suite","value":"Surefire test"},{"name":"subSuite","value":"com.acc.tests.PlaywrightTest"},{"name":"host","value":"psopori"},{"name":"thread","value":"43968@psopori.main(1)"},{"name":"framework","value":"testng"},{"name":"language","value":"java"}],"links":[]}