{"name":"testLogin","status":"broken","statusDetails":{"known":false,"muted":false,"flaky":false,"message":"Error {\n  message='Unexpected token \"/\" while parsing selector \"/html/body/div[3]/app-root/adoddle-documents/input\"\n=========================== logs ===========================\nwaiting for selector \"/html/body/div[3]/app-root/adoddle-documents/input\" to be visible\n============================================================\n  name='Error\n  stack='Error: Unexpected token \"/\" while parsing selector \"/html/body/div[3]/app-root/adoddle-documents/input\"\n=========================== logs ===========================\nwaiting for selector \"/html/body/div[3]/app-root/adoddle-documents/input\" to be visible\n============================================================\n    at unexpected (C:\\Users\\psopori\\AppData\\Local\\Temp\\playwright-java-8217612370189071861\\package\\lib\\server\\common\\cssParser.js:67:12)\n    at consumeSimpleSelector (C:\\Users\\psopori\\AppData\\Local\\Temp\\playwright-java-8217612370189071861\\package\\lib\\server\\common\\cssParser.js:228:15)\n    at consumeComplexSelector (C:\\Users\\psopori\\AppData\\Local\\Temp\\playwright-java-8217612370189071861\\package\\lib\\server\\common\\cssParser.js:149:19)\n    at consumeArgument (C:\\Users\\psopori\\AppData\\Local\\Temp\\playwright-java-8217612370189071861\\package\\lib\\server\\common\\cssParser.js:127:12)\n    at consumeFunctionArguments (C:\\Users\\psopori\\AppData\\Local\\Temp\\playwright-java-8217612370189071861\\package\\lib\\server\\common\\cssParser.js:111:21)\n    at parseCSS (C:\\Users\\psopori\\AppData\\Local\\Temp\\playwright-java-8217612370189071861\\package\\lib\\server\\common\\cssParser.js:247:18)\n    at C:\\Users\\psopori\\AppData\\Local\\Temp\\playwright-java-8217612370189071861\\package\\lib\\server\\common\\selectorParser.js:50:49\n    at Array.map (<anonymous>)\n    at parseSelector (C:\\Users\\psopori\\AppData\\Local\\Temp\\playwright-java-8217612370189071861\\package\\lib\\server\\common\\selectorParser.js:47:30)\n    at splitSelectorByFrame (C:\\Users\\psopori\\AppData\\Local\\Temp\\playwright-java-8217612370189071861\\package\\lib\\server\\common\\selectorParser.js:90:20)\n}","trace":"com.microsoft.playwright.PlaywrightException: Error {\n  message='Unexpected token \"/\" while parsing selector \"/html/body/div[3]/app-root/adoddle-documents/input\"\n=========================== logs ===========================\nwaiting for selector \"/html/body/div[3]/app-root/adoddle-documents/input\" to be visible\n============================================================\n  name='Error\n  stack='Error: Unexpected token \"/\" while parsing selector \"/html/body/div[3]/app-root/adoddle-documents/input\"\n=========================== logs ===========================\nwaiting for selector \"/html/body/div[3]/app-root/adoddle-documents/input\" to be visible\n============================================================\n    at unexpected (C:\\Users\\psopori\\AppData\\Local\\Temp\\playwright-java-8217612370189071861\\package\\lib\\server\\common\\cssParser.js:67:12)\n    at consumeSimpleSelector (C:\\Users\\psopori\\AppData\\Local\\Temp\\playwright-java-8217612370189071861\\package\\lib\\server\\common\\cssParser.js:228:15)\n    at consumeComplexSelector (C:\\Users\\psopori\\AppData\\Local\\Temp\\playwright-java-8217612370189071861\\package\\lib\\server\\common\\cssParser.js:149:19)\n    at consumeArgument (C:\\Users\\psopori\\AppData\\Local\\Temp\\playwright-java-8217612370189071861\\package\\lib\\server\\common\\cssParser.js:127:12)\n    at consumeFunctionArguments (C:\\Users\\psopori\\AppData\\Local\\Temp\\playwright-java-8217612370189071861\\package\\lib\\server\\common\\cssParser.js:111:21)\n    at parseCSS (C:\\Users\\psopori\\AppData\\Local\\Temp\\playwright-java-8217612370189071861\\package\\lib\\server\\common\\cssParser.js:247:18)\n    at C:\\Users\\psopori\\AppData\\Local\\Temp\\playwright-java-8217612370189071861\\package\\lib\\server\\common\\selectorParser.js:50:49\n    at Array.map (<anonymous>)\n    at parseSelector (C:\\Users\\psopori\\AppData\\Local\\Temp\\playwright-java-8217612370189071861\\package\\lib\\server\\common\\selectorParser.js:47:30)\n    at splitSelectorByFrame (C:\\Users\\psopori\\AppData\\Local\\Temp\\playwright-java-8217612370189071861\\package\\lib\\server\\common\\selectorParser.js:90:20)\n}\r\n\tat com.microsoft.playwright.impl.WaitableResult.get(WaitableResult.java:54)\r\n\tat com.microsoft.playwright.impl.ChannelOwner.runUntil(ChannelOwner.java:103)\r\n\tat com.microsoft.playwright.impl.Connection.sendMessage(Connection.java:105)\r\n\tat com.microsoft.playwright.impl.ChannelOwner.sendMessage(ChannelOwner.java:94)\r\n\tat com.microsoft.playwright.impl.FrameImpl.waitForSelectorImpl(FrameImpl.java:971)\r\n\tat com.microsoft.playwright.impl.LocatorImpl.lambda$waitForImpl$6(LocatorImpl.java:462)\r\n\tat com.microsoft.playwright.impl.LoggingSupport.withLogging(LoggingSupport.java:47)\r\n\tat com.microsoft.playwright.impl.ChannelOwner.withLogging(ChannelOwner.java:79)\r\n\tat com.microsoft.playwright.impl.LocatorImpl.waitForImpl(LocatorImpl.java:462)\r\n\tat com.microsoft.playwright.impl.LocatorImpl.waitFor(LocatorImpl.java:458)\r\n\tat com.acc.common.FileUploadHelper.uploadFileUsingDragAndDrop(FileUploadHelper.java:45)\r\n\tat com.acc.tests.PlaywrightTest.testLogin(PlaywrightTest.java:47)\r\n\tat java.base/jdk.internal.reflect.NativeMethodAccessorImpl.invoke0(Native Method)\r\n\tat java.base/jdk.internal.reflect.NativeMethodAccessorImpl.invoke(NativeMethodAccessorImpl.java:62)\r\n\tat java.base/jdk.internal.reflect.DelegatingMethodAccessorImpl.invoke(DelegatingMethodAccessorImpl.java:43)\r\n\tat java.base/java.lang.reflect.Method.invoke(Method.java:566)\r\n\tat org.testng.internal.MethodInvocationHelper.invokeMethod(MethodInvocationHelper.java:133)\r\n\tat org.testng.internal.TestInvoker.invokeMethod(TestInvoker.java:598)\r\n\tat org.testng.internal.TestInvoker.invokeTestMethod(TestInvoker.java:173)\r\n\tat org.testng.internal.MethodRunner.runInSequence(MethodRunner.java:46)\r\n\tat org.testng.internal.TestInvoker$MethodInvocationAgent.invoke(TestInvoker.java:824)\r\n\tat org.testng.internal.TestInvoker.invokeTestMethods(TestInvoker.java:146)\r\n\tat org.testng.internal.TestMethodWorker.invokeTestMethods(TestMethodWorker.java:146)\r\n\tat org.testng.internal.TestMethodWorker.run(TestMethodWorker.java:128)\r\n\tat java.base/java.util.ArrayList.forEach(ArrayList.java:1540)\r\n\tat org.testng.TestRunner.privateRun(TestRunner.java:794)\r\n\tat org.testng.TestRunner.run(TestRunner.java:596)\r\n\tat org.testng.SuiteRunner.runTest(SuiteRunner.java:377)\r\n\tat org.testng.SuiteRunner.runSequentially(SuiteRunner.java:371)\r\n\tat org.testng.SuiteRunner.privateRun(SuiteRunner.java:332)\r\n\tat org.testng.SuiteRunner.run(SuiteRunner.java:276)\r\n\tat org.testng.SuiteRunnerWorker.runSuite(SuiteRunnerWorker.java:53)\r\n\tat org.testng.SuiteRunnerWorker.run(SuiteRunnerWorker.java:96)\r\n\tat org.testng.TestNG.runSuitesSequentially(TestNG.java:1212)\r\n\tat org.testng.TestNG.runSuitesLocally(TestNG.java:1134)\r\n\tat org.testng.TestNG.runSuites(TestNG.java:1063)\r\n\tat org.testng.TestNG.run(TestNG.java:1031)\r\n\tat org.apache.maven.surefire.testng.TestNGExecutor.run(TestNGExecutor.java:135)\r\n\tat org.apache.maven.surefire.testng.TestNGDirectoryTestSuite.executeSingleClass(TestNGDirectoryTestSuite.java:112)\r\n\tat org.apache.maven.surefire.testng.TestNGDirectoryTestSuite.execute(TestNGDirectoryTestSuite.java:99)\r\n\tat org.apache.maven.surefire.testng.TestNGProvider.invoke(TestNGProvider.java:146)\r\n\tat org.apache.maven.surefire.booter.ForkedBooter.invokeProviderInSameClassLoader(ForkedBooter.java:384)\r\n\tat org.apache.maven.surefire.booter.ForkedBooter.runSuitesInProcess(ForkedBooter.java:345)\r\n\tat org.apache.maven.surefire.booter.ForkedBooter.execute(ForkedBooter.java:126)\r\n\tat org.apache.maven.surefire.booter.ForkedBooter.main(ForkedBooter.java:418)\r\nCaused by: com.microsoft.playwright.impl.DriverException: Error {\n  message='Unexpected token \"/\" while parsing selector \"/html/body/div[3]/app-root/adoddle-documents/input\"\n=========================== logs ===========================\nwaiting for selector \"/html/body/div[3]/app-root/adoddle-documents/input\" to be visible\n============================================================\n  name='Error\n  stack='Error: Unexpected token \"/\" while parsing selector \"/html/body/div[3]/app-root/adoddle-documents/input\"\n=========================== logs ===========================\nwaiting for selector \"/html/body/div[3]/app-root/adoddle-documents/input\" to be visible\n============================================================\n    at unexpected (C:\\Users\\psopori\\AppData\\Local\\Temp\\playwright-java-8217612370189071861\\package\\lib\\server\\common\\cssParser.js:67:12)\n    at consumeSimpleSelector (C:\\Users\\psopori\\AppData\\Local\\Temp\\playwright-java-8217612370189071861\\package\\lib\\server\\common\\cssParser.js:228:15)\n    at consumeComplexSelector (C:\\Users\\psopori\\AppData\\Local\\Temp\\playwright-java-8217612370189071861\\package\\lib\\server\\common\\cssParser.js:149:19)\n    at consumeArgument (C:\\Users\\psopori\\AppData\\Local\\Temp\\playwright-java-8217612370189071861\\package\\lib\\server\\common\\cssParser.js:127:12)\n    at consumeFunctionArguments (C:\\Users\\psopori\\AppData\\Local\\Temp\\playwright-java-8217612370189071861\\package\\lib\\server\\common\\cssParser.js:111:21)\n    at parseCSS (C:\\Users\\psopori\\AppData\\Local\\Temp\\playwright-java-8217612370189071861\\package\\lib\\server\\common\\cssParser.js:247:18)\n    at C:\\Users\\psopori\\AppData\\Local\\Temp\\playwright-java-8217612370189071861\\package\\lib\\server\\common\\selectorParser.js:50:49\n    at Array.map (<anonymous>)\n    at parseSelector (C:\\Users\\psopori\\AppData\\Local\\Temp\\playwright-java-8217612370189071861\\package\\lib\\server\\common\\selectorParser.js:47:30)\n    at splitSelectorByFrame (C:\\Users\\psopori\\AppData\\Local\\Temp\\playwright-java-8217612370189071861\\package\\lib\\server\\common\\selectorParser.js:90:20)\n}\r\n\tat com.microsoft.playwright.impl.Connection.dispatch(Connection.java:183)\r\n\tat com.microsoft.playwright.impl.Connection.processOneMessage(Connection.java:163)\r\n\tat com.microsoft.playwright.impl.ChannelOwner.runUntil(ChannelOwner.java:101)\r\n\t... 43 more\r\n"},"stage":"finished","steps":[],"attachments":[],"parameters":[],"start":1733501949870,"stop":1733501969460,"uuid":"11a36773-1b2e-47d9-9ca6-717f6f755bed","historyId":"97326444528c3c43f3d1445d37a00630","fullName":"com.acc.tests.PlaywrightTest.testLogin","labels":[{"name":"package","value":"com.acc.tests.PlaywrightTest"},{"name":"testClass","value":"com.acc.tests.PlaywrightTest"},{"name":"testMethod","value":"testLogin"},{"name":"parentSuite","value":"Surefire suite"},{"name":"suite","value":"Surefire test"},{"name":"subSuite","value":"com.acc.tests.PlaywrightTest"},{"name":"host","value":"psopori"},{"name":"thread","value":"17876@psopori.main(1)"},{"name":"framework","value":"testng"},{"name":"language","value":"java"}],"links":[]}