{"name":"testLogin","status":"broken","statusDetails":{"known":false,"muted":false,"flaky":false,"message":"Failed to read from file","trace":"com.microsoft.playwright.PlaywrightException: Failed to read from file\r\n\tat com.microsoft.playwright.impl.Utils.toFilePayload(Utils.java:160)\r\n\tat com.microsoft.playwright.impl.Utils.toFilePayloads(Utils.java:150)\r\n\tat com.microsoft.playwright.impl.FrameImpl.setInputFilesImpl(FrameImpl.java:695)\r\n\tat com.microsoft.playwright.impl.FrameImpl.lambda$setInputFiles$36(FrameImpl.java:686)\r\n\tat com.microsoft.playwright.impl.LoggingSupport.lambda$withLogging$0(LoggingSupport.java:36)\r\n\tat com.microsoft.playwright.impl.LoggingSupport.withLogging(LoggingSupport.java:47)\r\n\tat com.microsoft.playwright.impl.ChannelOwner.withLogging(ChannelOwner.java:79)\r\n\tat com.microsoft.playwright.impl.LoggingSupport.withLogging(LoggingSupport.java:35)\r\n\tat com.microsoft.playwright.impl.FrameImpl.setInputFiles(FrameImpl.java:686)\r\n\tat com.microsoft.playwright.impl.FrameImpl.setInputFiles(FrameImpl.java:672)\r\n\tat com.microsoft.playwright.impl.LocatorImpl.setInputFiles(LocatorImpl.java:394)\r\n\tat com.microsoft.playwright.Locator.setInputFiles(Locator.java:2707)\r\n\tat com.acc.common.FileUploadHelper.uploadFileUsingDragAndDrop(FileUploadHelper.java:57)\r\n\tat com.acc.tests.PlaywrightTest.testLogin(PlaywrightTest.java:48)\r\n\tat java.base/jdk.internal.reflect.NativeMethodAccessorImpl.invoke0(Native Method)\r\n\tat java.base/jdk.internal.reflect.NativeMethodAccessorImpl.invoke(NativeMethodAccessorImpl.java:62)\r\n\tat java.base/jdk.internal.reflect.DelegatingMethodAccessorImpl.invoke(DelegatingMethodAccessorImpl.java:43)\r\n\tat java.base/java.lang.reflect.Method.invoke(Method.java:566)\r\n\tat org.testng.internal.MethodInvocationHelper.invokeMethod(MethodInvocationHelper.java:133)\r\n\tat org.testng.internal.TestInvoker.invokeMethod(TestInvoker.java:598)\r\n\tat org.testng.internal.TestInvoker.invokeTestMethod(TestInvoker.java:173)\r\n\tat org.testng.internal.MethodRunner.runInSequence(MethodRunner.java:46)\r\n\tat org.testng.internal.TestInvoker$MethodInvocationAgent.invoke(TestInvoker.java:824)\r\n\tat org.testng.internal.TestInvoker.invokeTestMethods(TestInvoker.java:146)\r\n\tat org.testng.internal.TestMethodWorker.invokeTestMethods(TestMethodWorker.java:146)\r\n\tat org.testng.internal.TestMethodWorker.run(TestMethodWorker.java:128)\r\n\tat java.base/java.util.ArrayList.forEach(ArrayList.java:1540)\r\n\tat org.testng.TestRunner.privateRun(TestRunner.java:794)\r\n\tat org.testng.TestRunner.run(TestRunner.java:596)\r\n\tat org.testng.SuiteRunner.runTest(SuiteRunner.java:377)\r\n\tat org.testng.SuiteRunner.runSequentially(SuiteRunner.java:371)\r\n\tat org.testng.SuiteRunner.privateRun(SuiteRunner.java:332)\r\n\tat org.testng.SuiteRunner.run(SuiteRunner.java:276)\r\n\tat org.testng.SuiteRunnerWorker.runSuite(SuiteRunnerWorker.java:53)\r\n\tat org.testng.SuiteRunnerWorker.run(SuiteRunnerWorker.java:96)\r\n\tat org.testng.TestNG.runSuitesSequentially(TestNG.java:1212)\r\n\tat org.testng.TestNG.runSuitesLocally(TestNG.java:1134)\r\n\tat org.testng.TestNG.runSuites(TestNG.java:1063)\r\n\tat org.testng.TestNG.run(TestNG.java:1031)\r\n\tat org.apache.maven.surefire.testng.TestNGExecutor.run(TestNGExecutor.java:135)\r\n\tat org.apache.maven.surefire.testng.TestNGDirectoryTestSuite.executeSingleClass(TestNGDirectoryTestSuite.java:112)\r\n\tat org.apache.maven.surefire.testng.TestNGDirectoryTestSuite.execute(TestNGDirectoryTestSuite.java:99)\r\n\tat org.apache.maven.surefire.testng.TestNGProvider.invoke(TestNGProvider.java:146)\r\n\tat org.apache.maven.surefire.booter.ForkedBooter.invokeProviderInSameClassLoader(ForkedBooter.java:384)\r\n\tat org.apache.maven.surefire.booter.ForkedBooter.runSuitesInProcess(ForkedBooter.java:345)\r\n\tat org.apache.maven.surefire.booter.ForkedBooter.execute(ForkedBooter.java:126)\r\n\tat org.apache.maven.surefire.booter.ForkedBooter.main(ForkedBooter.java:418)\r\nCaused by: java.nio.file.NoSuchFileException: D:\\DNT\\PlayWright New\\Integration Automation\\integrationsAutomation\\src\\main\\resources\\UploadFile2.txt\r\n\tat java.base/sun.nio.fs.WindowsException.translateToIOException(WindowsException.java:85)\r\n\tat java.base/sun.nio.fs.WindowsException.rethrowAsIOException(WindowsException.java:103)\r\n\tat java.base/sun.nio.fs.WindowsException.rethrowAsIOException(WindowsException.java:108)\r\n\tat java.base/sun.nio.fs.WindowsFileSystemProvider.newByteChannel(WindowsFileSystemProvider.java:231)\r\n\tat java.base/java.nio.file.Files.newByteChannel(Files.java:370)\r\n\tat java.base/java.nio.file.Files.newByteChannel(Files.java:421)\r\n\tat java.base/java.nio.file.Files.readAllBytes(Files.java:3205)\r\n\tat com.microsoft.playwright.impl.Utils.toFilePayload(Utils.java:158)\r\n\t... 46 more\r\n"},"stage":"finished","steps":[],"attachments":[],"parameters":[],"start":1733659029100,"stop":1733659056901,"uuid":"2b926162-2341-4f01-9dc0-bbcb7086da1b","historyId":"97326444528c3c43f3d1445d37a00630","fullName":"com.acc.tests.PlaywrightTest.testLogin","labels":[{"name":"package","value":"com.acc.tests.PlaywrightTest"},{"name":"testClass","value":"com.acc.tests.PlaywrightTest"},{"name":"testMethod","value":"testLogin"},{"name":"parentSuite","value":"Surefire suite"},{"name":"suite","value":"Surefire test"},{"name":"subSuite","value":"com.acc.tests.PlaywrightTest"},{"name":"host","value":"psopori"},{"name":"thread","value":"11712@psopori.main(1)"},{"name":"framework","value":"testng"},{"name":"language","value":"java"}],"links":[]}