{"name":"testLogin","status":"broken","statusDetails":{"known":false,"muted":false,"flaky":false,"message":"Error {\n  message='TypeError: Cannot read properties of undefined (reading 'split')\n    at eval (eval at evaluate (:3:2389), <anonymous>:1:187)\n    at t.default.evaluate (<anonymous>:3:2456)\n    at t.default.<anonymous> (<anonymous>:1:44)\n  name='Error\n  stack='Error: TypeError: Cannot read properties of undefined (reading 'split')\n    at eval (eval at evaluate (:3:2389), <anonymous>:1:187)\n    at t.default.evaluate (<anonymous>:3:2456)\n    at t.default.<anonymous> (<anonymous>:1:44)\n    at CRExecutionContext.evaluateWithArguments (C:\\Users\\psopori\\AppData\\Local\\Temp\\playwright-java-10775474785306581610\\package\\lib\\server\\chromium\\crExecutionContext.js:103:33)\n    at async Object.evaluateExpression (C:\\Users\\psopori\\AppData\\Local\\Temp\\playwright-java-10775474785306581610\\package\\lib\\server\\javascript.js:263:12)\n    at async FrameManager.waitForSignalsCreatedBy (C:\\Users\\psopori\\AppData\\Local\\Temp\\playwright-java-10775474785306581610\\package\\lib\\server\\frames.js:131:20)\n    at async FrameExecutionContext.evaluateExpressionAndWaitForSignals (C:\\Users\\psopori\\AppData\\Local\\Temp\\playwright-java-10775474785306581610\\package\\lib\\server\\dom.js:90:12)\n    at async Frame.evaluateExpressionAndWaitForSignals (C:\\Users\\psopori\\AppData\\Local\\Temp\\playwright-java-10775474785306581610\\package\\lib\\server\\frames.js:739:19)\n    at async FrameDispatcher.evaluateExpression (C:\\Users\\psopori\\AppData\\Local\\Temp\\playwright-java-10775474785306581610\\package\\lib\\dispatchers\\frameDispatcher.js:92:55)\n    at async DispatcherConnection.dispatch (C:\\Users\\psopori\\AppData\\Local\\Temp\\playwright-java-10775474785306581610\\package\\lib\\dispatchers\\dispatcher.js:352:22)\n}","trace":"com.microsoft.playwright.PlaywrightException: Error {\n  message='TypeError: Cannot read properties of undefined (reading 'split')\n    at eval (eval at evaluate (:3:2389), <anonymous>:1:187)\n    at t.default.evaluate (<anonymous>:3:2456)\n    at t.default.<anonymous> (<anonymous>:1:44)\n  name='Error\n  stack='Error: TypeError: Cannot read properties of undefined (reading 'split')\n    at eval (eval at evaluate (:3:2389), <anonymous>:1:187)\n    at t.default.evaluate (<anonymous>:3:2456)\n    at t.default.<anonymous> (<anonymous>:1:44)\n    at CRExecutionContext.evaluateWithArguments (C:\\Users\\psopori\\AppData\\Local\\Temp\\playwright-java-10775474785306581610\\package\\lib\\server\\chromium\\crExecutionContext.js:103:33)\n    at async Object.evaluateExpression (C:\\Users\\psopori\\AppData\\Local\\Temp\\playwright-java-10775474785306581610\\package\\lib\\server\\javascript.js:263:12)\n    at async FrameManager.waitForSignalsCreatedBy (C:\\Users\\psopori\\AppData\\Local\\Temp\\playwright-java-10775474785306581610\\package\\lib\\server\\frames.js:131:20)\n    at async FrameExecutionContext.evaluateExpressionAndWaitForSignals (C:\\Users\\psopori\\AppData\\Local\\Temp\\playwright-java-10775474785306581610\\package\\lib\\server\\dom.js:90:12)\n    at async Frame.evaluateExpressionAndWaitForSignals (C:\\Users\\psopori\\AppData\\Local\\Temp\\playwright-java-10775474785306581610\\package\\lib\\server\\frames.js:739:19)\n    at async FrameDispatcher.evaluateExpression (C:\\Users\\psopori\\AppData\\Local\\Temp\\playwright-java-10775474785306581610\\package\\lib\\dispatchers\\frameDispatcher.js:92:55)\n    at async DispatcherConnection.dispatch (C:\\Users\\psopori\\AppData\\Local\\Temp\\playwright-java-10775474785306581610\\package\\lib\\dispatchers\\dispatcher.js:352:22)\n}\r\n\tat com.microsoft.playwright.impl.WaitableResult.get(WaitableResult.java:54)\r\n\tat com.microsoft.playwright.impl.ChannelOwner.runUntil(ChannelOwner.java:103)\r\n\tat com.microsoft.playwright.impl.Connection.sendMessage(Connection.java:105)\r\n\tat com.microsoft.playwright.impl.ChannelOwner.sendMessage(ChannelOwner.java:94)\r\n\tat com.microsoft.playwright.impl.FrameImpl.evaluateImpl(FrameImpl.java:307)\r\n\tat com.microsoft.playwright.impl.PageImpl.lambda$evaluate$22(PageImpl.java:669)\r\n\tat com.microsoft.playwright.impl.LoggingSupport.withLogging(LoggingSupport.java:47)\r\n\tat com.microsoft.playwright.impl.ChannelOwner.withLogging(ChannelOwner.java:79)\r\n\tat com.microsoft.playwright.impl.PageImpl.evaluate(PageImpl.java:669)\r\n\tat com.acc.common.FileUploadHelper.uploadFileUsingDragAndDrop(FileUploadHelper.java:42)\r\n\tat com.acc.tests.PlaywrightTest.testLogin(PlaywrightTest.java:47)\r\n\tat java.base/jdk.internal.reflect.NativeMethodAccessorImpl.invoke0(Native Method)\r\n\tat java.base/jdk.internal.reflect.NativeMethodAccessorImpl.invoke(NativeMethodAccessorImpl.java:62)\r\n\tat java.base/jdk.internal.reflect.DelegatingMethodAccessorImpl.invoke(DelegatingMethodAccessorImpl.java:43)\r\n\tat java.base/java.lang.reflect.Method.invoke(Method.java:566)\r\n\tat org.testng.internal.MethodInvocationHelper.invokeMethod(MethodInvocationHelper.java:133)\r\n\tat org.testng.internal.TestInvoker.invokeMethod(TestInvoker.java:598)\r\n\tat org.testng.internal.TestInvoker.invokeTestMethod(TestInvoker.java:173)\r\n\tat org.testng.internal.MethodRunner.runInSequence(MethodRunner.java:46)\r\n\tat org.testng.internal.TestInvoker$MethodInvocationAgent.invoke(TestInvoker.java:824)\r\n\tat org.testng.internal.TestInvoker.invokeTestMethods(TestInvoker.java:146)\r\n\tat org.testng.internal.TestMethodWorker.invokeTestMethods(TestMethodWorker.java:146)\r\n\tat org.testng.internal.TestMethodWorker.run(TestMethodWorker.java:128)\r\n\tat java.base/java.util.ArrayList.forEach(ArrayList.java:1540)\r\n\tat org.testng.TestRunner.privateRun(TestRunner.java:794)\r\n\tat org.testng.TestRunner.run(TestRunner.java:596)\r\n\tat org.testng.SuiteRunner.runTest(SuiteRunner.java:377)\r\n\tat org.testng.SuiteRunner.runSequentially(SuiteRunner.java:371)\r\n\tat org.testng.SuiteRunner.privateRun(SuiteRunner.java:332)\r\n\tat org.testng.SuiteRunner.run(SuiteRunner.java:276)\r\n\tat org.testng.SuiteRunnerWorker.runSuite(SuiteRunnerWorker.java:53)\r\n\tat org.testng.SuiteRunnerWorker.run(SuiteRunnerWorker.java:96)\r\n\tat org.testng.TestNG.runSuitesSequentially(TestNG.java:1212)\r\n\tat org.testng.TestNG.runSuitesLocally(TestNG.java:1134)\r\n\tat org.testng.TestNG.runSuites(TestNG.java:1063)\r\n\tat org.testng.TestNG.run(TestNG.java:1031)\r\n\tat org.apache.maven.surefire.testng.TestNGExecutor.run(TestNGExecutor.java:135)\r\n\tat org.apache.maven.surefire.testng.TestNGDirectoryTestSuite.executeSingleClass(TestNGDirectoryTestSuite.java:112)\r\n\tat org.apache.maven.surefire.testng.TestNGDirectoryTestSuite.execute(TestNGDirectoryTestSuite.java:99)\r\n\tat org.apache.maven.surefire.testng.TestNGProvider.invoke(TestNGProvider.java:146)\r\n\tat org.apache.maven.surefire.booter.ForkedBooter.invokeProviderInSameClassLoader(ForkedBooter.java:384)\r\n\tat org.apache.maven.surefire.booter.ForkedBooter.runSuitesInProcess(ForkedBooter.java:345)\r\n\tat org.apache.maven.surefire.booter.ForkedBooter.execute(ForkedBooter.java:126)\r\n\tat org.apache.maven.surefire.booter.ForkedBooter.main(ForkedBooter.java:418)\r\nCaused by: com.microsoft.playwright.impl.DriverException: Error {\n  message='TypeError: Cannot read properties of undefined (reading 'split')\n    at eval (eval at evaluate (:3:2389), <anonymous>:1:187)\n    at t.default.evaluate (<anonymous>:3:2456)\n    at t.default.<anonymous> (<anonymous>:1:44)\n  name='Error\n  stack='Error: TypeError: Cannot read properties of undefined (reading 'split')\n    at eval (eval at evaluate (:3:2389), <anonymous>:1:187)\n    at t.default.evaluate (<anonymous>:3:2456)\n    at t.default.<anonymous> (<anonymous>:1:44)\n    at CRExecutionContext.evaluateWithArguments (C:\\Users\\psopori\\AppData\\Local\\Temp\\playwright-java-10775474785306581610\\package\\lib\\server\\chromium\\crExecutionContext.js:103:33)\n    at async Object.evaluateExpression (C:\\Users\\psopori\\AppData\\Local\\Temp\\playwright-java-10775474785306581610\\package\\lib\\server\\javascript.js:263:12)\n    at async FrameManager.waitForSignalsCreatedBy (C:\\Users\\psopori\\AppData\\Local\\Temp\\playwright-java-10775474785306581610\\package\\lib\\server\\frames.js:131:20)\n    at async FrameExecutionContext.evaluateExpressionAndWaitForSignals (C:\\Users\\psopori\\AppData\\Local\\Temp\\playwright-java-10775474785306581610\\package\\lib\\server\\dom.js:90:12)\n    at async Frame.evaluateExpressionAndWaitForSignals (C:\\Users\\psopori\\AppData\\Local\\Temp\\playwright-java-10775474785306581610\\package\\lib\\server\\frames.js:739:19)\n    at async FrameDispatcher.evaluateExpression (C:\\Users\\psopori\\AppData\\Local\\Temp\\playwright-java-10775474785306581610\\package\\lib\\dispatchers\\frameDispatcher.js:92:55)\n    at async DispatcherConnection.dispatch (C:\\Users\\psopori\\AppData\\Local\\Temp\\playwright-java-10775474785306581610\\package\\lib\\dispatchers\\dispatcher.js:352:22)\n}\r\n\tat com.microsoft.playwright.impl.Connection.dispatch(Connection.java:183)\r\n\tat com.microsoft.playwright.impl.Connection.processOneMessage(Connection.java:163)\r\n\tat com.microsoft.playwright.impl.ChannelOwner.runUntil(ChannelOwner.java:101)\r\n\t... 42 more\r\n"},"stage":"finished","steps":[],"attachments":[],"parameters":[],"start":1733500775812,"stop":1733500791642,"uuid":"af5c637d-ae8d-4ec8-9df4-d5390f2f9a13","historyId":"97326444528c3c43f3d1445d37a00630","fullName":"com.acc.tests.PlaywrightTest.testLogin","labels":[{"name":"package","value":"com.acc.tests.PlaywrightTest"},{"name":"testClass","value":"com.acc.tests.PlaywrightTest"},{"name":"testMethod","value":"testLogin"},{"name":"parentSuite","value":"Surefire suite"},{"name":"suite","value":"Surefire test"},{"name":"subSuite","value":"com.acc.tests.PlaywrightTest"},{"name":"host","value":"psopori"},{"name":"thread","value":"20140@psopori.main(1)"},{"name":"framework","value":"testng"},{"name":"language","value":"java"}],"links":[]}