{"name":"navigateToFilesTab","status":"broken","statusDetails":{"known":false,"muted":false,"flaky":false,"message":"Error {\n  message='DOMException: Failed to execute 'evaluate' on 'Document': The string './/button[@class='dropdown-toggle btn header-btn']/span[.='Upload'])' is not a valid XPath expression.\n    at Object.queryAll (<anonymous>:3:51032)\n    at S._queryEngineAll (<anonymous>:3:58616)\n    at S._querySelectorRecursively (<anonymous>:3:57999)\n    at S.querySelectorAll (<anonymous>:3:58395)\n    at eval (eval at evaluate (:3:2389), <anonymous>:10:33)\n    at s (<anonymous>:3:60567)\n    at <anonymous>:3:60649\n    at Object.run (<anonymous>:3:61057)\n    at eval (eval at evaluate (:3:2389), <anonymous>:1:14)\n    at t.default.evaluate (<anonymous>:3:2412)\n=========================== logs ===========================\nwaiting for selector \"//button[@class='dropdown-toggle btn header-btn']/span[.='Upload'])\" to be visible\n  Failed to execute 'evaluate' on 'Document': The string './/button[@class='dropdown-toggle btn header-btn']/span[.='Upload'])' is not a valid XPath expression.\n============================================================\n  name='Error\n  stack='Error: DOMException: Failed to execute 'evaluate' on 'Document': The string './/button[@class='dropdown-toggle btn header-btn']/span[.='Upload'])' is not a valid XPath expression.\n    at Object.queryAll (<anonymous>:3:51032)\n    at S._queryEngineAll (<anonymous>:3:58616)\n    at S._querySelectorRecursively (<anonymous>:3:57999)\n    at S.querySelectorAll (<anonymous>:3:58395)\n    at eval (eval at evaluate (:3:2389), <anonymous>:10:33)\n    at s (<anonymous>:3:60567)\n    at <anonymous>:3:60649\n    at Object.run (<anonymous>:3:61057)\n    at eval (eval at evaluate (:3:2389), <anonymous>:1:14)\n    at t.default.evaluate (<anonymous>:3:2412)\n=========================== logs ===========================\nwaiting for selector \"//button[@class='dropdown-toggle btn header-btn']/span[.='Upload'])\" to be visible\n  Failed to execute 'evaluate' on 'Document': The string './/button[@class='dropdown-toggle btn header-btn']/span[.='Upload'])' is not a valid XPath expression.\n============================================================\n    at Object.queryAll (<anonymous>:3:51032)\n    at S._queryEngineAll (<anonymous>:3:58616)\n    at S._querySelectorRecursively (<anonymous>:3:57999)\n    at S.querySelectorAll (<anonymous>:3:58395)\n    at eval (eval at evaluate (:3:2389), <anonymous>:10:33)\n    at s (<anonymous>:3:60567)\n    at <anonymous>:3:60649\n    at Object.run (<anonymous>:3:61057)\n    at eval (eval at evaluate (:3:2389), <anonymous>:1:14)\n    at t.default.evaluate (<anonymous>:3:2412)\n    at CRExecutionContext.evaluateWithArguments (C:\\Users\\psopori\\AppData\\Local\\Temp\\playwright-java-17891289049527070206\\package\\lib\\server\\chromium\\crExecutionContext.js:103:33)\n    at async evaluateExpression (C:\\Users\\psopori\\AppData\\Local\\Temp\\playwright-java-17891289049527070206\\package\\lib\\server\\javascript.js:263:12)\n    at async InjectedScriptPollHandler.finishHandle (C:\\Users\\psopori\\AppData\\Local\\Temp\\playwright-java-17891289049527070206\\package\\lib\\server\\dom.js:1011:22)\n    at async RerunnableTask.rerun (C:\\Users\\psopori\\AppData\\Local\\Temp\\playwright-java-17891289049527070206\\package\\lib\\server\\frames.js:1760:73)\n}","trace":"com.microsoft.playwright.PlaywrightException: Error {\n  message='DOMException: Failed to execute 'evaluate' on 'Document': The string './/button[@class='dropdown-toggle btn header-btn']/span[.='Upload'])' is not a valid XPath expression.\n    at Object.queryAll (<anonymous>:3:51032)\n    at S._queryEngineAll (<anonymous>:3:58616)\n    at S._querySelectorRecursively (<anonymous>:3:57999)\n    at S.querySelectorAll (<anonymous>:3:58395)\n    at eval (eval at evaluate (:3:2389), <anonymous>:10:33)\n    at s (<anonymous>:3:60567)\n    at <anonymous>:3:60649\n    at Object.run (<anonymous>:3:61057)\n    at eval (eval at evaluate (:3:2389), <anonymous>:1:14)\n    at t.default.evaluate (<anonymous>:3:2412)\n=========================== logs ===========================\nwaiting for selector \"//button[@class='dropdown-toggle btn header-btn']/span[.='Upload'])\" to be visible\n  Failed to execute 'evaluate' on 'Document': The string './/button[@class='dropdown-toggle btn header-btn']/span[.='Upload'])' is not a valid XPath expression.\n============================================================\n  name='Error\n  stack='Error: DOMException: Failed to execute 'evaluate' on 'Document': The string './/button[@class='dropdown-toggle btn header-btn']/span[.='Upload'])' is not a valid XPath expression.\n    at Object.queryAll (<anonymous>:3:51032)\n    at S._queryEngineAll (<anonymous>:3:58616)\n    at S._querySelectorRecursively (<anonymous>:3:57999)\n    at S.querySelectorAll (<anonymous>:3:58395)\n    at eval (eval at evaluate (:3:2389), <anonymous>:10:33)\n    at s (<anonymous>:3:60567)\n    at <anonymous>:3:60649\n    at Object.run (<anonymous>:3:61057)\n    at eval (eval at evaluate (:3:2389), <anonymous>:1:14)\n    at t.default.evaluate (<anonymous>:3:2412)\n=========================== logs ===========================\nwaiting for selector \"//button[@class='dropdown-toggle btn header-btn']/span[.='Upload'])\" to be visible\n  Failed to execute 'evaluate' on 'Document': The string './/button[@class='dropdown-toggle btn header-btn']/span[.='Upload'])' is not a valid XPath expression.\n============================================================\n    at Object.queryAll (<anonymous>:3:51032)\n    at S._queryEngineAll (<anonymous>:3:58616)\n    at S._querySelectorRecursively (<anonymous>:3:57999)\n    at S.querySelectorAll (<anonymous>:3:58395)\n    at eval (eval at evaluate (:3:2389), <anonymous>:10:33)\n    at s (<anonymous>:3:60567)\n    at <anonymous>:3:60649\n    at Object.run (<anonymous>:3:61057)\n    at eval (eval at evaluate (:3:2389), <anonymous>:1:14)\n    at t.default.evaluate (<anonymous>:3:2412)\n    at CRExecutionContext.evaluateWithArguments (C:\\Users\\psopori\\AppData\\Local\\Temp\\playwright-java-17891289049527070206\\package\\lib\\server\\chromium\\crExecutionContext.js:103:33)\n    at async evaluateExpression (C:\\Users\\psopori\\AppData\\Local\\Temp\\playwright-java-17891289049527070206\\package\\lib\\server\\javascript.js:263:12)\n    at async InjectedScriptPollHandler.finishHandle (C:\\Users\\psopori\\AppData\\Local\\Temp\\playwright-java-17891289049527070206\\package\\lib\\server\\dom.js:1011:22)\n    at async RerunnableTask.rerun (C:\\Users\\psopori\\AppData\\Local\\Temp\\playwright-java-17891289049527070206\\package\\lib\\server\\frames.js:1760:73)\n}\r\n\tat com.microsoft.playwright.impl.WaitableResult.get(WaitableResult.java:54)\r\n\tat com.microsoft.playwright.impl.ChannelOwner.runUntil(ChannelOwner.java:103)\r\n\tat com.microsoft.playwright.impl.Connection.sendMessage(Connection.java:105)\r\n\tat com.microsoft.playwright.impl.ChannelOwner.sendMessage(ChannelOwner.java:94)\r\n\tat com.microsoft.playwright.impl.FrameImpl.waitForSelectorImpl(FrameImpl.java:971)\r\n\tat com.microsoft.playwright.impl.LocatorImpl.lambda$waitForImpl$6(LocatorImpl.java:462)\r\n\tat com.microsoft.playwright.impl.LoggingSupport.withLogging(LoggingSupport.java:47)\r\n\tat com.microsoft.playwright.impl.ChannelOwner.withLogging(ChannelOwner.java:79)\r\n\tat com.microsoft.playwright.impl.LocatorImpl.waitForImpl(LocatorImpl.java:462)\r\n\tat com.microsoft.playwright.impl.LocatorImpl.waitFor(LocatorImpl.java:458)\r\n\tat com.acc.tests.PlaywrightTest.navigateToFilesTab(PlaywrightTest.java:84)\r\n\tat com.acc.tests.PlaywrightTest.navigateToFilesTab(PlaywrightTest.java:52)\r\n\tat java.base/jdk.internal.reflect.NativeMethodAccessorImpl.invoke0(Native Method)\r\n\tat java.base/jdk.internal.reflect.NativeMethodAccessorImpl.invoke(NativeMethodAccessorImpl.java:62)\r\n\tat java.base/jdk.internal.reflect.DelegatingMethodAccessorImpl.invoke(DelegatingMethodAccessorImpl.java:43)\r\n\tat java.base/java.lang.reflect.Method.invoke(Method.java:566)\r\n\tat org.testng.internal.MethodInvocationHelper.invokeMethod(MethodInvocationHelper.java:133)\r\n\tat org.testng.internal.TestInvoker.invokeMethod(TestInvoker.java:598)\r\n\tat org.testng.internal.TestInvoker.invokeTestMethod(TestInvoker.java:173)\r\n\tat org.testng.internal.MethodRunner.runInSequence(MethodRunner.java:46)\r\n\tat org.testng.internal.TestInvoker$MethodInvocationAgent.invoke(TestInvoker.java:824)\r\n\tat org.testng.internal.TestInvoker.invokeTestMethods(TestInvoker.java:146)\r\n\tat org.testng.internal.TestMethodWorker.invokeTestMethods(TestMethodWorker.java:146)\r\n\tat org.testng.internal.TestMethodWorker.run(TestMethodWorker.java:128)\r\n\tat java.base/java.util.ArrayList.forEach(ArrayList.java:1540)\r\n\tat org.testng.TestRunner.privateRun(TestRunner.java:794)\r\n\tat org.testng.TestRunner.run(TestRunner.java:596)\r\n\tat org.testng.SuiteRunner.runTest(SuiteRunner.java:377)\r\n\tat org.testng.SuiteRunner.runSequentially(SuiteRunner.java:371)\r\n\tat org.testng.SuiteRunner.privateRun(SuiteRunner.java:332)\r\n\tat org.testng.SuiteRunner.run(SuiteRunner.java:276)\r\n\tat org.testng.SuiteRunnerWorker.runSuite(SuiteRunnerWorker.java:53)\r\n\tat org.testng.SuiteRunnerWorker.run(SuiteRunnerWorker.java:96)\r\n\tat org.testng.TestNG.runSuitesSequentially(TestNG.java:1212)\r\n\tat org.testng.TestNG.runSuitesLocally(TestNG.java:1134)\r\n\tat org.testng.TestNG.runSuites(TestNG.java:1063)\r\n\tat org.testng.TestNG.run(TestNG.java:1031)\r\n\tat org.apache.maven.surefire.testng.TestNGExecutor.run(TestNGExecutor.java:135)\r\n\tat org.apache.maven.surefire.testng.TestNGDirectoryTestSuite.executeSingleClass(TestNGDirectoryTestSuite.java:112)\r\n\tat org.apache.maven.surefire.testng.TestNGDirectoryTestSuite.execute(TestNGDirectoryTestSuite.java:99)\r\n\tat org.apache.maven.surefire.testng.TestNGProvider.invoke(TestNGProvider.java:146)\r\n\tat org.apache.maven.surefire.booter.ForkedBooter.invokeProviderInSameClassLoader(ForkedBooter.java:384)\r\n\tat org.apache.maven.surefire.booter.ForkedBooter.runSuitesInProcess(ForkedBooter.java:345)\r\n\tat org.apache.maven.surefire.booter.ForkedBooter.execute(ForkedBooter.java:126)\r\n\tat org.apache.maven.surefire.booter.ForkedBooter.main(ForkedBooter.java:418)\r\nCaused by: com.microsoft.playwright.impl.DriverException: Error {\n  message='DOMException: Failed to execute 'evaluate' on 'Document': The string './/button[@class='dropdown-toggle btn header-btn']/span[.='Upload'])' is not a valid XPath expression.\n    at Object.queryAll (<anonymous>:3:51032)\n    at S._queryEngineAll (<anonymous>:3:58616)\n    at S._querySelectorRecursively (<anonymous>:3:57999)\n    at S.querySelectorAll (<anonymous>:3:58395)\n    at eval (eval at evaluate (:3:2389), <anonymous>:10:33)\n    at s (<anonymous>:3:60567)\n    at <anonymous>:3:60649\n    at Object.run (<anonymous>:3:61057)\n    at eval (eval at evaluate (:3:2389), <anonymous>:1:14)\n    at t.default.evaluate (<anonymous>:3:2412)\n=========================== logs ===========================\nwaiting for selector \"//button[@class='dropdown-toggle btn header-btn']/span[.='Upload'])\" to be visible\n  Failed to execute 'evaluate' on 'Document': The string './/button[@class='dropdown-toggle btn header-btn']/span[.='Upload'])' is not a valid XPath expression.\n============================================================\n  name='Error\n  stack='Error: DOMException: Failed to execute 'evaluate' on 'Document': The string './/button[@class='dropdown-toggle btn header-btn']/span[.='Upload'])' is not a valid XPath expression.\n    at Object.queryAll (<anonymous>:3:51032)\n    at S._queryEngineAll (<anonymous>:3:58616)\n    at S._querySelectorRecursively (<anonymous>:3:57999)\n    at S.querySelectorAll (<anonymous>:3:58395)\n    at eval (eval at evaluate (:3:2389), <anonymous>:10:33)\n    at s (<anonymous>:3:60567)\n    at <anonymous>:3:60649\n    at Object.run (<anonymous>:3:61057)\n    at eval (eval at evaluate (:3:2389), <anonymous>:1:14)\n    at t.default.evaluate (<anonymous>:3:2412)\n=========================== logs ===========================\nwaiting for selector \"//button[@class='dropdown-toggle btn header-btn']/span[.='Upload'])\" to be visible\n  Failed to execute 'evaluate' on 'Document': The string './/button[@class='dropdown-toggle btn header-btn']/span[.='Upload'])' is not a valid XPath expression.\n============================================================\n    at Object.queryAll (<anonymous>:3:51032)\n    at S._queryEngineAll (<anonymous>:3:58616)\n    at S._querySelectorRecursively (<anonymous>:3:57999)\n    at S.querySelectorAll (<anonymous>:3:58395)\n    at eval (eval at evaluate (:3:2389), <anonymous>:10:33)\n    at s (<anonymous>:3:60567)\n    at <anonymous>:3:60649\n    at Object.run (<anonymous>:3:61057)\n    at eval (eval at evaluate (:3:2389), <anonymous>:1:14)\n    at t.default.evaluate (<anonymous>:3:2412)\n    at CRExecutionContext.evaluateWithArguments (C:\\Users\\psopori\\AppData\\Local\\Temp\\playwright-java-17891289049527070206\\package\\lib\\server\\chromium\\crExecutionContext.js:103:33)\n    at async evaluateExpression (C:\\Users\\psopori\\AppData\\Local\\Temp\\playwright-java-17891289049527070206\\package\\lib\\server\\javascript.js:263:12)\n    at async InjectedScriptPollHandler.finishHandle (C:\\Users\\psopori\\AppData\\Local\\Temp\\playwright-java-17891289049527070206\\package\\lib\\server\\dom.js:1011:22)\n    at async RerunnableTask.rerun (C:\\Users\\psopori\\AppData\\Local\\Temp\\playwright-java-17891289049527070206\\package\\lib\\server\\frames.js:1760:73)\n}\r\n\tat com.microsoft.playwright.impl.Connection.dispatch(Connection.java:183)\r\n\tat com.microsoft.playwright.impl.Connection.processOneMessage(Connection.java:163)\r\n\tat com.microsoft.playwright.impl.ChannelOwner.runUntil(ChannelOwner.java:101)\r\n\t... 43 more\r\n"},"stage":"finished","steps":[],"attachments":[],"parameters":[],"start":1733491339330,"stop":1733491345640,"uuid":"e9c8b7d0-c35a-49c7-a3f1-fc5b8dca076a","historyId":"943e7950193d5b60b208e4d748b2fb85","fullName":"com.acc.tests.PlaywrightTest.navigateToFilesTab","labels":[{"name":"package","value":"com.acc.tests.PlaywrightTest"},{"name":"testClass","value":"com.acc.tests.PlaywrightTest"},{"name":"testMethod","value":"navigateToFilesTab"},{"name":"parentSuite","value":"Surefire suite"},{"name":"suite","value":"Surefire test"},{"name":"subSuite","value":"com.acc.tests.PlaywrightTest"},{"name":"host","value":"psopori"},{"name":"thread","value":"42324@psopori.main(1)"},{"name":"framework","value":"testng"},{"name":"language","value":"java"}],"links":[]}